c:\users\jovan\desktop\dev\c,c++\os2_virtualmem\os2_virtualmem\debug\vc140.pdb
c:\users\jovan\desktop\dev\c,c++\os2_virtualmem\os2_virtualmem\debug\vc140.idb
c:\users\jovan\desktop\dev\c,c++\os2_virtualmem\os2_virtualmem\debug\kernelprocess.obj
c:\users\jovan\desktop\dev\c,c++\os2_virtualmem\os2_virtualmem\debug\kernelsystem.obj
c:\users\jovan\desktop\dev\c,c++\os2_virtualmem\os2_virtualmem\debug\system.obj
c:\users\jovan\desktop\dev\c,c++\os2_virtualmem\os2_virtualmem\debug\main.obj
c:\users\jovan\desktop\dev\c,c++\os2_virtualmem\os2_virtualmem\debug\process.obj
c:\users\jovan\desktop\dev\c,c++\os2_virtualmem\os2_virtualmem\debug\zmain.obj
c:\users\jovan\desktop\dev\c,c++\os2_virtualmem\os2_virtualmem\debug\processtest.obj
c:\users\jovan\desktop\dev\c,c++\os2_virtualmem\os2_virtualmem\debug\randomnumbergenerator.obj
c:\users\jovan\desktop\dev\c,c++\os2_virtualmem\os2_virtualmem\debug\systemtest.obj
c:\users\jovan\desktop\dev\c,c++\os2_virtualmem\debug\os2_virtualmem.ilk
c:\users\jovan\desktop\dev\c,c++\os2_virtualmem\debug\os2_virtualmem.exe
c:\users\jovan\desktop\dev\c,c++\os2_virtualmem\debug\os2_virtualmem.pdb
c:\users\jovan\desktop\dev\c,c++\os2_virtualmem\os2_virtualmem\debug\kernelprocess.obj.enc
c:\users\jovan\desktop\dev\c,c++\os2_virtualmem\os2_virtualmem\debug\os2_virtualmem.tlog\cl.command.1.tlog
c:\users\jovan\desktop\dev\c,c++\os2_virtualmem\os2_virtualmem\debug\os2_virtualmem.tlog\cl.read.1.tlog
c:\users\jovan\desktop\dev\c,c++\os2_virtualmem\os2_virtualmem\debug\os2_virtualmem.tlog\cl.write.1.tlog
c:\users\jovan\desktop\dev\c,c++\os2_virtualmem\os2_virtualmem\debug\os2_virtualmem.tlog\link.command.1.tlog
c:\users\jovan\desktop\dev\c,c++\os2_virtualmem\os2_virtualmem\debug\os2_virtualmem.tlog\link.read.1.tlog
c:\users\jovan\desktop\dev\c,c++\os2_virtualmem\os2_virtualmem\debug\os2_virtualmem.tlog\link.write.1.tlog
